<?xml version="1.0" encoding="UTF-8"?>
<testng-results skipped="0" failed="0" ignored="0" total="1" passed="1">
  <reporter-output>
  </reporter-output>
  <suite name="Default suite" duration-ms="822" started-at="2021-01-10T20:34:14 IST" finished-at="2021-01-10T20:34:15 IST">
    <groups>
    </groups>
    <test name="Default test" duration-ms="822" started-at="2021-01-10T20:34:14 IST" finished-at="2021-01-10T20:34:15 IST">
      <class name="com.locus.path.points.service.impl.PathPointServiceImplTest">
        <test-method status="PASS" signature="initMock()[pri:0, instance:com.locus.path.points.service.impl.PathPointServiceImplTest@48aaecc3]" name="initMock" is-config="true" duration-ms="328" started-at="2021-01-10T20:34:14 IST" finished-at="2021-01-10T20:34:14 IST">
          <reporter-output>
          </reporter-output>
        </test-method> <!-- initMock -->
        <test-method status="PASS" signature="testIfOutputIsCorrect()[pri:0, instance:com.locus.path.points.service.impl.PathPointServiceImplTest@48aaecc3]" name="testIfOutputIsCorrect" duration-ms="460" started-at="2021-01-10T20:34:14 IST" finished-at="2021-01-10T20:34:15 IST">
          <reporter-output>
          </reporter-output>
        </test-method> <!-- testIfOutputIsCorrect -->
      </class> <!-- com.locus.path.points.service.impl.PathPointServiceImplTest -->
    </test> <!-- Default test -->
  </suite> <!-- Default suite -->
</testng-results>
